  inputBox.cpp
  cursor.cpp
  コードを生成中...
  コンパイル中...
  titleScene.cpp
  コードを生成中...
  コンパイル中...
  TamaJet.cpp
d:\visual project\shootingeditor\dx_shooting\program\vec3.h(167): warning C4305: '初期化中': 'double' から 'float' へ切り詰めます。
d:\visual project\shootingeditor\dx_shooting\program\tamajet.cpp(23): warning C4244: '初期化中': 'float' から 'int' への変換です。データが失われる可能性があります。
d:\visual project\shootingeditor\dx_shooting\program\tamajet.cpp(24): warning C4244: '初期化中': 'float' から 'int' への変換です。データが失われる可能性があります。
d:\visual project\shootingeditor\dx_shooting\program\tamajet.cpp(25): warning C4244: '初期化中': 'float' から 'int' への変換です。データが失われる可能性があります。
d:\visual project\shootingeditor\dx_shooting\program\tamajet.cpp(44): warning C4244: '引数': 'float' から 'int' への変換です。データが失われる可能性があります。
d:\visual project\shootingeditor\dx_shooting\program\tamajet.cpp(52): warning C4244: '引数': 'float' から 'int' への変換です。データが失われる可能性があります。
d:\visual project\shootingeditor\dx_shooting\program\tamajet.cpp(53): warning C4244: '引数': 'float' から 'int' への変換です。データが失われる可能性があります。
d:\visual project\shootingeditor\dx_shooting\program\tamajet.cpp(58): warning C4244: '=': 'double' から 'float' への変換です。データが失われる可能性があります。
d:\visual project\shootingeditor\dx_shooting\program\tamajet.cpp(75): warning C4244: '=': 'float' から 'int' への変換です。データが失われる可能性があります。
d:\visual project\shootingeditor\dx_shooting\program\tamajet.cpp(76): warning C4244: '=': 'float' から 'int' への変換です。データが失われる可能性があります。
d:\visual project\shootingeditor\dx_shooting\program\tamajet.cpp(91): warning C4244: '+=': 'double' から 'float' への変換です。データが失われる可能性があります。
d:\visual project\shootingeditor\dx_shooting\program\tamajet.cpp(92): warning C4244: '+=': 'double' から 'float' への変換です。データが失われる可能性があります。
  playScene.cpp
d:\visual project\shootingeditor\dx_shooting\program\vec3.h(167): warning C4305: '初期化中': 'double' から 'float' へ切り詰めます。
d:\visual project\shootingeditor\dx_shooting\program\scene\playscene.cpp(23): error C2039: 'mouseX': 'GameManager' のメンバーではありません。
  d:\visual project\shootingeditor\dx_shooting\program\tamajet.h(5): note: 'GameManager' の宣言を確認してください
d:\visual project\shootingeditor\dx_shooting\program\scene\playscene.cpp(23): error C2039: 'mouseY': 'GameManager' のメンバーではありません。
  d:\visual project\shootingeditor\dx_shooting\program\tamajet.h(5): note: 'GameManager' の宣言を確認してください
d:\visual project\shootingeditor\dx_shooting\program\scene\playscene.cpp(23): error C2660: 'Jet::shotGen': 関数に 3 個の引数を指定できません。
d:\visual project\shootingeditor\dx_shooting\program\scene\playscene.cpp(30): warning C4244: '引数': 'float' から 'int' への変換です。データが失われる可能性があります。
  gameManager.cpp
  gamemain.cpp
d:\visual project\shootingeditor\dx_shooting\program\gamemain.cpp(18): error C2039: 'mouseX': 'GameManager' のメンバーではありません。
  d:\visual project\shootingeditor\dx_shooting\program\gamemanager.h(19): note: 'GameManager' の宣言を確認してください
d:\visual project\shootingeditor\dx_shooting\program\gamemain.cpp(18): error C2039: 'mouseY': 'GameManager' のメンバーではありません。
  d:\visual project\shootingeditor\dx_shooting\program\gamemanager.h(19): note: 'GameManager' の宣言を確認してください
d:\visual project\shootingeditor\dx_shooting\program\gamemain.cpp(18): error C2660: 'DxLib::GetMousePoint': 関数に 1 個の引数を指定できません。
d:\visual project\shootingeditor\dx_shooting\program\gamemain.cpp(36): error C2039: 'mouseX': 'GameManager' のメンバーではありません。
  d:\visual project\shootingeditor\dx_shooting\program\gamemanager.h(19): note: 'GameManager' の宣言を確認してください
d:\visual project\shootingeditor\dx_shooting\program\gamemain.cpp(36): error C2039: 'mouseY': 'GameManager' のメンバーではありません。
  d:\visual project\shootingeditor\dx_shooting\program\gamemanager.h(19): note: 'GameManager' の宣言を確認してください
d:\visual project\shootingeditor\dx_shooting\program\gamemain.cpp(36): error C2660: 'DxLib::DrawRotaGraph': 関数に 5 個の引数を指定できません。
  gameInit.cpp
d:\visual project\shootingeditor\dx_shooting\program\vec3.h(167): warning C4305: '初期化中': 'double' から 'float' へ切り詰めます。
d:\visual project\shootingeditor\dx_shooting\program\gameinit.cpp(27): warning C4244: '引数': 'float' から 'int' への変換です。データが失われる可能性があります。
d:\visual project\shootingeditor\dx_shooting\program\gameinit.cpp(27): warning C4244: '引数': 'int' から 'float' への変換です。データが失われる可能性があります。
d:\visual project\shootingeditor\dx_shooting\program\gameinit.cpp(30): warning C4305: '引数': 'double' から 'float' へ切り詰めます。
d:\visual project\shootingeditor\dx_shooting\program\gameinit.cpp(30): warning C4244: '引数': 'int' から 'float' への変換です。データが失われる可能性があります。
  debug.cpp
d:\visual project\shootingeditor\dx_shooting\program\debug.cpp(23): warning C4244: '=': 'double' から 'float' への変換です。データが失われる可能性があります。
d:\visual project\shootingeditor\dx_shooting\program\debug.cpp(32): error C2039: 'mouseX': 'GameManager' のメンバーではありません。
  d:\visual project\shootingeditor\dx_shooting\program\gamemanager.h(19): note: 'GameManager' の宣言を確認してください
d:\visual project\shootingeditor\dx_shooting\program\debug.cpp(32): error C2039: 'mouseY': 'GameManager' のメンバーではありません。
  d:\visual project\shootingeditor\dx_shooting\program\gamemanager.h(19): note: 'GameManager' の宣言を確認してください
  コードを生成中...
  スキップ中... (関連する変更は検出されませんでした)
  jetManager.cpp
